# JRE version: OpenJDK Runtime Environment Corretto-17.0.10.7.1 (17.0.10+7) (build 17.0.10+7-LTS)
# Java VM: OpenJDK 64-Bit Server VM Corretto-17.0.10.7.1 (17.0.10+7-LTS, mixed mode, sharing, tiered, compressed oops, compressed class ptrs, g1 gc, windows-amd64)
GC Precious Log:
 CPUs: 12 total, 12 available
 Memory: 7505M
 Large Page Support: Disabled
 NUMA Support: Disabled
 Compressed Oops: Enabled (32-bit)
 Heap Region Size: 1M
 Heap Min Capacity: 256M
 Heap Initial Capacity: 256M
 Heap Max Capacity: 512M
 Pre-touch: Disabled
 Parallel Workers: 10
 Concurrent Workers: 3
 Concurrent Refinement Workers: 10
 Periodic GC: Disabled
Heap:
 garbage-first heap   total 262144K, used 80611K [0x00000000e0000000, 0x0000000100000000)
  region size 1024K, 20 young (20480K), 8 survivors (8192K)
 Metaspace       used 64644K, committed 65536K, reserved 393216K
  class space    used 8761K, committed 9216K, reserved 327680K
GC Heap History (20 events):
Event: 333.060 GC heap before
{Heap before GC invocations=14 (full 0):
 garbage-first heap   total 262144K, used 61074K [0x00000000e0000000, 0x0000000100000000)
  region size 1024K, 13 young (13312K), 12 survivors (12288K)
 Metaspace       used 60950K, committed 61632K, reserved 393216K
  class space    used 8414K, committed 8768K, reserved 327680K
}
Event: 333.074 GC heap after
{Heap after GC invocations=15 (full 0):
 garbage-first heap   total 262144K, used 61398K [0x00000000e0000000, 0x0000000100000000)
  region size 1024K, 2 young (2048K), 2 survivors (2048K)
 Metaspace       used 60950K, committed 61632K, reserved 393216K
  class space    used 8414K, committed 8768K, reserved 327680K
}
Event: 337.349 GC heap before
{Heap before GC invocations=15 (full 0):
 garbage-first heap   total 262144K, used 204758K [0x00000000e0000000, 0x0000000100000000)
  region size 1024K, 143 young (146432K), 2 survivors (2048K)
 Metaspace       used 61354K, committed 62080K, reserved 393216K
  class space    used 8421K, committed 8832K, reserved 327680K
}
Event: 337.360 GC heap after
{Heap after GC invocations=16 (full 0):
 garbage-first heap   total 262144K, used 68212K [0x00000000e0000000, 0x0000000100000000)
  region size 1024K, 9 young (9216K), 9 survivors (9216K)
 Metaspace       used 61354K, committed 62080K, reserved 393216K
  class space    used 8421K, committed 8832K, reserved 327680K
}
Event: 453.914 GC heap before
{Heap before GC invocations=16 (full 0):
 garbage-first heap   total 262144K, used 206452K [0x00000000e0000000, 0x0000000100000000)
  region size 1024K, 145 young (148480K), 9 survivors (9216K)
 Metaspace       used 62157K, committed 62912K, reserved 393216K
  class space    used 8507K, committed 8896K, reserved 327680K
}
Event: 453.929 GC heap after
{Heap after GC invocations=17 (full 0):
 garbage-first heap   total 262144K, used 70614K [0x00000000e0000000, 0x0000000100000000)
  region size 1024K, 11 young (11264K), 11 survivors (11264K)
 Metaspace       used 62157K, committed 62912K, reserved 393216K
  class space    used 8507K, committed 8896K, reserved 327680K
}
Event: 608.858 GC heap before
{Heap before GC invocations=17 (full 0):
 garbage-first heap   total 262144K, used 206806K [0x00000000e0000000, 0x0000000100000000)
  region size 1024K, 145 young (148480K), 11 survivors (11264K)
 Metaspace       used 62672K, committed 63488K, reserved 393216K
  class space    used 8539K, committed 8960K, reserved 327680K
}
Event: 608.886 GC heap after
{Heap after GC invocations=18 (full 0):
 garbage-first heap   total 262144K, used 68498K [0x00000000e0000000, 0x0000000100000000)
  region size 1024K, 7 young (7168K), 7 survivors (7168K)
 Metaspace       used 62672K, committed 63488K, reserved 393216K
  class space    used 8539K, committed 8960K, reserved 327680K
}
Event: 612.800 GC heap before
{Heap before GC invocations=18 (full 0):
 garbage-first heap   total 262144K, used 208786K [0x00000000e0000000, 0x0000000100000000)
  region size 1024K, 144 young (147456K), 7 survivors (7168K)
 Metaspace       used 62915K, committed 63744K, reserved 393216K
  class space    used 8553K, committed 8960K, reserved 327680K
}
Event: 612.818 GC heap after
{Heap after GC invocations=19 (full 0):
 garbage-first heap   total 262144K, used 70110K [0x00000000e0000000, 0x0000000100000000)
  region size 1024K, 9 young (9216K), 9 survivors (9216K)
 Metaspace       used 62915K, committed 63744K, reserved 393216K
  class space    used 8553K, committed 8960K, reserved 327680K
}
Event: 2514.927 GC heap before
{Heap before GC invocations=19 (full 0):
 garbage-first heap   total 262144K, used 209374K [0x00000000e0000000, 0x0000000100000000)
  region size 1024K, 146 young (149504K), 9 survivors (9216K)
 Metaspace       used 63563K, committed 64448K, reserved 393216K
  class space    used 8636K, committed 9088K, reserved 327680K
}
Event: 2514.981 GC heap after
{Heap after GC invocations=20 (full 0):
 garbage-first heap   total 262144K, used 68940K [0x00000000e0000000, 0x0000000100000000)
  region size 1024K, 7 young (7168K), 7 survivors (7168K)
 Metaspace       used 63563K, committed 64448K, reserved 393216K
  class space    used 8636K, committed 9088K, reserved 327680K
}
Event: 2612.843 GC heap before
{Heap before GC invocations=20 (full 0):
 garbage-first heap   total 262144K, used 211276K [0x00000000e0000000, 0x0000000100000000)
  region size 1024K, 147 young (150528K), 7 survivors (7168K)
 Metaspace       used 63799K, committed 64640K, reserved 393216K
  class space    used 8655K, committed 9088K, reserved 327680K
}
Event: 2612.862 GC heap after
{Heap after GC invocations=21 (full 0):
 garbage-first heap   total 262144K, used 71270K [0x00000000e0000000, 0x0000000100000000)
  region size 1024K, 10 young (10240K), 10 survivors (10240K)
 Metaspace       used 63799K, committed 64640K, reserved 393216K
  class space    used 8655K, committed 9088K, reserved 327680K
}
Event: 2615.178 GC heap before
{Heap before GC invocations=21 (full 0):
 garbage-first heap   total 262144K, used 209510K [0x00000000e0000000, 0x0000000100000000)
  region size 1024K, 146 young (149504K), 10 survivors (10240K)
 Metaspace       used 63890K, committed 64768K, reserved 393216K
  class space    used 8661K, committed 9152K, reserved 327680K
}
Event: 2615.189 GC heap after
{Heap after GC invocations=22 (full 0):
 garbage-first heap   total 262144K, used 70968K [0x00000000e0000000, 0x0000000100000000)
  region size 1024K, 9 young (9216K), 9 survivors (9216K)
 Metaspace       used 63890K, committed 64768K, reserved 393216K
  class space    used 8661K, committed 9152K, reserved 327680K
}
Event: 3507.194 GC heap before
{Heap before GC invocations=22 (full 0):
 garbage-first heap   total 262144K, used 211256K [0x00000000e0000000, 0x0000000100000000)
  region size 1024K, 147 young (150528K), 9 survivors (9216K)
 Metaspace       used 64187K, committed 65088K, reserved 393216K
  class space    used 8702K, committed 9152K, reserved 327680K
}
Event: 3507.240 GC heap after
{Heap after GC invocations=23 (full 0):
 garbage-first heap   total 262144K, used 66378K [0x00000000e0000000, 0x0000000100000000)
  region size 1024K, 5 young (5120K), 5 survivors (5120K)
 Metaspace       used 64187K, committed 65088K, reserved 393216K
  class space    used 8702K, committed 9152K, reserved 327680K
}
Event: 3642.512 GC heap before
{Heap before GC invocations=23 (full 0):
 garbage-first heap   total 262144K, used 213834K [0x00000000e0000000, 0x0000000100000000)
  region size 1024K, 150 young (153600K), 5 survivors (5120K)
 Metaspace       used 64643K, committed 65536K, reserved 393216K
  class space    used 8761K, committed 9216K, reserved 327680K
}
Event: 3642.581 GC heap after
{Heap after GC invocations=24 (full 0):
 garbage-first heap   total 262144K, used 69347K [0x00000000e0000000, 0x0000000100000000)
  region size 1024K, 8 young (8192K), 8 survivors (8192K)
 Metaspace       used 64643K, committed 65536K, reserved 393216K
  class space    used 8761K, committed 9216K, reserved 327680K
}

