# JRE version: OpenJDK Runtime Environment Corretto-17.0.10.7.1 (17.0.10+7) (build 17.0.10+7-LTS)
# Java VM: OpenJDK 64-Bit Server VM Corretto-17.0.10.7.1 (17.0.10+7-LTS, mixed mode, sharing, tiered, compressed oops, compressed class ptrs, g1 gc, windows-amd64)
GC Precious Log:
 CPUs: 12 total, 12 available
 Memory: 7505M
 Large Page Support: Disabled
 NUMA Support: Disabled
 Compressed Oops: Enabled (32-bit)
 Heap Region Size: 1M
 Heap Min Capacity: 8M
 Heap Initial Capacity: 118M
 Heap Max Capacity: 2G
 Pre-touch: Disabled
 Parallel Workers: 10
 Concurrent Workers: 3
 Concurrent Refinement Workers: 10
 Periodic GC: Disabled
Heap:
 garbage-first heap   total 294912K, used 106505K [0x0000000080000000, 0x0000000100000000)
  region size 1024K, 23 young (23552K), 10 survivors (10240K)
 Metaspace       used 77980K, committed 78784K, reserved 557056K
  class space    used 10884K, committed 11264K, reserved 425984K
GC Heap History (20 events):
Event: 60.427 GC heap before
{Heap before GC invocations=24 (full 0):
 garbage-first heap   total 107520K, used 88060K [0x0000000080000000, 0x0000000100000000)
  region size 1024K, 27 young (27648K), 4 survivors (4096K)
 Metaspace       used 60659K, committed 61376K, reserved 491520K
  class space    used 8575K, committed 8896K, reserved 425984K
}
Event: 60.434 GC heap after
{Heap after GC invocations=25 (full 0):
 garbage-first heap   total 129024K, used 66608K [0x0000000080000000, 0x0000000100000000)
  region size 1024K, 2 young (2048K), 2 survivors (2048K)
 Metaspace       used 60659K, committed 61376K, reserved 491520K
  class space    used 8575K, committed 8896K, reserved 425984K
}
Event: 61.799 GC heap before
{Heap before GC invocations=26 (full 0):
 garbage-first heap   total 129024K, used 103472K [0x0000000080000000, 0x0000000100000000)
  region size 1024K, 38 young (38912K), 2 survivors (2048K)
 Metaspace       used 62980K, committed 63680K, reserved 491520K
  class space    used 8921K, committed 9216K, reserved 425984K
}
Event: 61.804 GC heap after
{Heap after GC invocations=27 (full 0):
 garbage-first heap   total 129024K, used 69381K [0x0000000080000000, 0x0000000100000000)
  region size 1024K, 5 young (5120K), 5 survivors (5120K)
 Metaspace       used 62980K, committed 63680K, reserved 491520K
  class space    used 8921K, committed 9216K, reserved 425984K
}
Event: 61.853 GC heap before
{Heap before GC invocations=27 (full 0):
 garbage-first heap   total 129024K, used 70405K [0x0000000080000000, 0x0000000100000000)
  region size 1024K, 6 young (6144K), 5 survivors (5120K)
 Metaspace       used 63019K, committed 63744K, reserved 491520K
  class space    used 8921K, committed 9216K, reserved 425984K
}
Event: 61.859 GC heap after
{Heap after GC invocations=28 (full 0):
 garbage-first heap   total 129024K, used 69432K [0x0000000080000000, 0x0000000100000000)
  region size 1024K, 1 young (1024K), 1 survivors (1024K)
 Metaspace       used 63019K, committed 63744K, reserved 491520K
  class space    used 8921K, committed 9216K, reserved 425984K
}
Event: 64.188 GC heap before
{Heap before GC invocations=28 (full 0):
 garbage-first heap   total 129024K, used 104248K [0x0000000080000000, 0x0000000100000000)
  region size 1024K, 35 young (35840K), 1 survivors (1024K)
 Metaspace       used 65529K, committed 66304K, reserved 491520K
  class space    used 9347K, committed 9728K, reserved 425984K
}
Event: 64.195 GC heap after
{Heap after GC invocations=29 (full 0):
 garbage-first heap   total 129024K, used 71993K [0x0000000080000000, 0x0000000100000000)
  region size 1024K, 4 young (4096K), 4 survivors (4096K)
 Metaspace       used 65529K, committed 66304K, reserved 491520K
  class space    used 9347K, committed 9728K, reserved 425984K
}
Event: 65.147 GC heap before
{Heap before GC invocations=30 (full 0):
 garbage-first heap   total 129024K, used 108857K [0x0000000080000000, 0x0000000100000000)
  region size 1024K, 36 young (36864K), 4 survivors (4096K)
 Metaspace       used 66409K, committed 67264K, reserved 491520K
  class space    used 9449K, committed 9856K, reserved 425984K
}
Event: 65.155 GC heap after
{Heap after GC invocations=31 (full 0):
 garbage-first heap   total 129024K, used 83197K [0x0000000080000000, 0x0000000100000000)
  region size 1024K, 5 young (5120K), 5 survivors (5120K)
 Metaspace       used 66409K, committed 67264K, reserved 491520K
  class space    used 9449K, committed 9856K, reserved 425984K
}
Event: 65.170 GC heap before
{Heap before GC invocations=31 (full 0):
 garbage-first heap   total 129024K, used 84221K [0x0000000080000000, 0x0000000100000000)
  region size 1024K, 6 young (6144K), 5 survivors (5120K)
 Metaspace       used 66472K, committed 67264K, reserved 491520K
  class space    used 9453K, committed 9856K, reserved 425984K
}
Event: 65.174 GC heap after
{Heap after GC invocations=32 (full 0):
 garbage-first heap   total 129024K, used 83427K [0x0000000080000000, 0x0000000100000000)
  region size 1024K, 1 young (1024K), 1 survivors (1024K)
 Metaspace       used 66472K, committed 67264K, reserved 491520K
  class space    used 9453K, committed 9856K, reserved 425984K
}
Event: 65.524 GC heap before
{Heap before GC invocations=32 (full 0):
 garbage-first heap   total 129024K, used 103907K [0x0000000080000000, 0x0000000100000000)
  region size 1024K, 21 young (21504K), 1 survivors (1024K)
 Metaspace       used 67999K, committed 68800K, reserved 491520K
  class space    used 9644K, committed 10048K, reserved 425984K
}
Event: 65.527 GC heap after
{Heap after GC invocations=33 (full 0):
 garbage-first heap   total 129024K, used 84428K [0x0000000080000000, 0x0000000100000000)
  region size 1024K, 2 young (2048K), 2 survivors (2048K)
 Metaspace       used 67999K, committed 68800K, reserved 491520K
  class space    used 9644K, committed 10048K, reserved 425984K
}
Event: 65.873 GC heap before
{Heap before GC invocations=34 (full 0):
 garbage-first heap   total 150528K, used 103884K [0x0000000080000000, 0x0000000100000000)
  region size 1024K, 22 young (22528K), 2 survivors (2048K)
 Metaspace       used 69813K, committed 70592K, reserved 491520K
  class space    used 9840K, committed 10240K, reserved 425984K
}
Event: 65.877 GC heap after
{Heap after GC invocations=35 (full 0):
 garbage-first heap   total 150528K, used 84819K [0x0000000080000000, 0x0000000100000000)
  region size 1024K, 2 young (2048K), 2 survivors (2048K)
 Metaspace       used 69813K, committed 70592K, reserved 491520K
  class space    used 9840K, committed 10240K, reserved 425984K
}
Event: 65.972 GC heap before
{Heap before GC invocations=35 (full 0):
 garbage-first heap   total 150528K, used 89939K [0x0000000080000000, 0x0000000100000000)
  region size 1024K, 7 young (7168K), 2 survivors (2048K)
 Metaspace       used 70080K, committed 70912K, reserved 491520K
  class space    used 9873K, committed 10240K, reserved 425984K
}
Event: 65.977 GC heap after
{Heap after GC invocations=36 (full 0):
 garbage-first heap   total 294912K, used 84765K [0x0000000080000000, 0x0000000100000000)
  region size 1024K, 1 young (1024K), 1 survivors (1024K)
 Metaspace       used 70080K, committed 70912K, reserved 491520K
  class space    used 9873K, committed 10240K, reserved 425984K
}
Event: 68.335 GC heap before
{Heap before GC invocations=36 (full 0):
 garbage-first heap   total 294912K, used 227101K [0x0000000080000000, 0x0000000100000000)
  region size 1024K, 135 young (138240K), 1 survivors (1024K)
 Metaspace       used 77894K, committed 78656K, reserved 557056K
  class space    used 10876K, committed 11264K, reserved 425984K
}
Event: 68.346 GC heap after
{Heap after GC invocations=37 (full 0):
 garbage-first heap   total 294912K, used 94217K [0x0000000080000000, 0x0000000100000000)
  region size 1024K, 10 young (10240K), 10 survivors (10240K)
 Metaspace       used 77894K, committed 78656K, reserved 557056K
  class space    used 10876K, committed 11264K, reserved 425984K
}

